[0m[[0m[0mdebug[0m] [0m[0m> Exec(early(addDefaultCommands), None, None)[0m
[0m[[0m[0mdebug[0m] [0m[0m> Exec(addDefaultCommands, None, None)[0m
[0m[[0m[0mdebug[0m] [0m[0m> Exec(early(initialize), None, None)[0m
[0m[[0m[0mdebug[0m] [0m[0m> Exec(initialize, None, None)[0m
[0m[[0m[0mdebug[0m] [0m[0m> Exec(early(addPluginSbtFile="""/tmp/idea.sbt"""), None, None)[0m
[0m[[0m[0mdebug[0m] [0m[0m> Exec(addPluginSbtFile="""/tmp/idea.sbt""", None, None)[0m
[0m[[0m[0mdebug[0m] [0m[0m> Exec(boot, None, None)[0m
[0m[[0m[0mdebug[0m] [0m[0m> Exec(writeSbtVersion, None, None)[0m
[0m[[0m[0mdebug[0m] [0m[0m> Exec(reload, None, None)[0m
[0m[[0m[0mdebug[0m] [0m[0m> Exec(sbtStashOnFailure, None, None)[0m
[0m[[0m[0mdebug[0m] [0m[0m> Exec(onFailure loadFailed, None, None)[0m
[0m[[0m[0mdebug[0m] [0m[0m> Exec(loadp, None, None)[0m
[0m[[0m[0minfo[0m] [0m[0mwelcome to sbt 1.4.7 (Oracle Corporation Java 1.8.0_181)[0m
[0m[[0m[0mdebug[0m] [0m[0m      Load.loadUnit: plugins took 58.91674ms[0m
[0m[[0m[0mdebug[0m] [0m[0m      Load.loadUnit: defsScala took 0.24176ms[0m
[0m[[0m[0mdebug[0m] [0m[0m[Loading] Scanning directory /home/vitaliy/.sbt/1.0/plugins[0m
[0m[[0m[0mdebug[0m] [0m[0m[Loading] Found non-root projects [0m
[0m[[0m[0mdebug[0m] [0m[0m[Loading] Done in /home/vitaliy/.sbt/1.0/plugins, returning: ()[0m
[0m[[0m[0mdebug[0m] [0m[0mdeducing auto plugins based on known facts Set(Atom(sbt.plugins.CorePlugin)) and clauses Clauses(List(Clause(Atom(sbt.plugins.JvmPlugin),Set(Atom(sbt.plugins.IvyPlugin))), Clause(Atom(sbt.ScriptedPlugin),Set(Atom(sbt.plugins.JvmPlugin))), Clause(Atom(sbt.plugins.SbtPlugin),Set(Atom(sbt.ScriptedPlugin))), Clause(Atom(sbt.plugins.SemanticdbPlugin),Set(Atom(sbt.plugins.JvmPlugin))), Clause(Atom(sbt.plugins.JUnitXmlReportPlugin),Set(Atom(sbt.plugins.JvmPlugin))), Clause(Atom(sbt.plugins.MiniDependencyTreePlugin),Set(Atom(sbt.plugins.JvmPlugin))), Clause(Atom(sbt.plugins.CorePlugin),Set(Atom(sbt.plugins.IvyPlugin))), Clause(Atom(sbt.plugins.IvyPlugin),Set(Atom(sbt.plugins.JvmPlugin))), Clause(Atom(sbt.plugins.JvmPlugin),Set(Atom(sbt.plugins.SemanticdbPlugin))), Clause(Atom(sbt.plugins.JvmPlugin),Set(Atom(sbt.plugins.JUnitXmlReportPlugin))), Clause(Atom(sbt.plugins.CorePlugin),Set(Atom(sbt.plugins.Giter8TemplatePlugin))), Clause(Atom(sbt.plugins.JvmPlugin),Set(Atom(sbt.plugins.MiniDependencyTreePlugin)))))[0m
[0m[[0m[0mdebug[0m] [0m[0m  :: deduced result: Matched(sbt.plugins.CorePlugin,sbt.plugins.Giter8TemplatePlugin,sbt.plugins.IvyPlugin,sbt.plugins.JvmPlugin,sbt.plugins.MiniDependencyTreePlugin,sbt.plugins.JUnitXmlReportPlugin,sbt.plugins.SemanticdbPlugin)[0m
[0m[[0m[0mdebug[0m] [0m[0mPlugins.deducer#function took 15.210369 ms[0m
[0m[[0m[0mdebug[0m] [0m[0m          Load.resolveProject(global-plugins) took 32.045095ms[0m
[0m[[0m[0mdebug[0m] [0m[0m        Load.loadTransitive: finalizeProject(Project(id global-plugins, base: /home/vitaliy/.sbt/1.0/plugins, plugins: List(<none>))) took 65.122761ms[0m
[0m[[0m[0mdebug[0m] [0m[0m[Loading] Done in /home/vitaliy/.sbt/1.0/plugins, returning: (global-plugins)[0m
[0m[[0m[0mdebug[0m] [0m[0m      Load.loadUnit: loadedProjectsRaw took 140.593244ms[0m
[0m[[0m[0mdebug[0m] [0m[0m      Load.loadUnit: cleanEvalClasses took 0.192766ms[0m
[0m[[0m[0mdebug[0m] [0m[0m    Load.loadUnit(file:/home/vitaliy/.sbt/1.0/plugins/, ...) took 205.934561ms[0m
[0m[[0m[0mdebug[0m] [0m[0m  Load.apply: load took 324.627955ms[0m
[0m[[0m[0mdebug[0m] [0m[0m  Load.apply: resolveProjects took 5.201532ms[0m
[0m[[0m[0mdebug[0m] [0m[0m  Load.apply: finalTransforms took 42.252809ms[0m
[0m[[0m[0mdebug[0m] [0m[0m  Load.apply: config.delegates took 6.209812ms[0m
[0m[[0m[0mdebug[0m] [0m[0m  Load.apply: Def.make(settings)... took 249.562298ms[0m
[0m[[0m[0mdebug[0m] [0m[0m  Load.apply: structureIndex took 67.14674ms[0m
[0m[[0m[0mdebug[0m] [0m[0m  Load.apply: mkStreams took 1.176456ms[0m
[0m[[0m[0minfo[0m] [0m[0mloading global plugins from /home/vitaliy/.sbt/1.0/plugins[0m
[0m[[0m[0mdebug[0m] [0m[0mRunning task... Cancel: Signal, check cycles: false, forcegc: true[0m
[0m[[0m[33mwarn[0m] [0m[0m[0m
[0m[[0m[33mwarn[0m] [0m[0m	Note: Unresolved dependencies path:[0m
[0m[[0m[31merror[0m] [0m[0msbt.librarymanagement.ResolveException: Error downloading org.scala-sbt:sbt:1.4.7[0m
[0m[[0m[31merror[0m] [0m[0m  Not found[0m
[0m[[0m[31merror[0m] [0m[0m  Not found[0m
[0m[[0m[31merror[0m] [0m[0m  download error: Caught java.net.UnknownHostException: repo1.maven.org (repo1.maven.org) while downloading https://repo1.maven.org/maven2/org/scala-sbt/sbt/1.4.7/sbt-1.4.7.pom[0m
[0m[[0m[31merror[0m] [0m[0m  not found: /home/vitaliy/.ivy2/localorg.scala-sbt/sbt/1.4.7/ivys/ivy.xml[0m
[0m[[0m[31merror[0m] [0m[0m  download error: Caught java.net.UnknownHostException: repo.scala-sbt.org (repo.scala-sbt.org) while downloading https://repo.scala-sbt.org/scalasbt/sbt-plugin-releases/org.scala-sbt/sbt/1.4.7/ivys/ivy.xml[0m
[0m[[0m[31merror[0m] [0m[0m  download error: Caught java.net.UnknownHostException: repo.typesafe.com (repo.typesafe.com) while downloading https://repo.typesafe.com/typesafe/ivy-releases/org.scala-sbt/sbt/1.4.7/ivys/ivy.xml[0m
[0m[[0m[31merror[0m] [0m[0m	at lmcoursier.CoursierDependencyResolution.unresolvedWarningOrThrow(CoursierDependencyResolution.scala:258)[0m
[0m[[0m[31merror[0m] [0m[0m	at lmcoursier.CoursierDependencyResolution.$anonfun$update$38(CoursierDependencyResolution.scala:227)[0m
[0m[[0m[31merror[0m] [0m[0m	at scala.util.Either$LeftProjection.map(Either.scala:573)[0m
[0m[[0m[31merror[0m] [0m[0m	at lmcoursier.CoursierDependencyResolution.update(CoursierDependencyResolution.scala:227)[0m
[0m[[0m[31merror[0m] [0m[0m	at sbt.librarymanagement.DependencyResolution.update(DependencyResolution.scala:60)[0m
[0m[[0m[31merror[0m] [0m[0m	at sbt.internal.LibraryManagement$.resolve$1(LibraryManagement.scala:53)[0m
[0m[[0m[31merror[0m] [0m[0m	at sbt.internal.LibraryManagement$.$anonfun$cachedUpdate$12(LibraryManagement.scala:103)[0m
[0m[[0m[31merror[0m] [0m[0m	at sbt.util.Tracked$.$anonfun$lastOutput$1(Tracked.scala:73)[0m
[0m[[0m[31merror[0m] [0m[0m	at sbt.internal.LibraryManagement$.$anonfun$cachedUpdate$20(LibraryManagement.scala:116)[0m
[0m[[0m[31merror[0m] [0m[0m	at scala.util.control.Exception$Catch.apply(Exception.scala:228)[0m
[0m[[0m[31merror[0m] [0m[0m	at sbt.internal.LibraryManagement$.$anonfun$cachedUpdate$11(LibraryManagement.scala:116)[0m
[0m[[0m[31merror[0m] [0m[0m	at sbt.internal.LibraryManagement$.$anonfun$cachedUpdate$11$adapted(LibraryManagement.scala:97)[0m
[0m[[0m[31merror[0m] [0m[0m	at sbt.util.Tracked$.$anonfun$inputChangedW$1(Tracked.scala:219)[0m
[0m[[0m[31merror[0m] [0m[0m	at sbt.internal.LibraryManagement$.cachedUpdate(LibraryManagement.scala:130)[0m
[0m[[0m[31merror[0m] [0m[0m	at sbt.Classpaths$.$anonfun$updateTask0$5(Defaults.scala:3486)[0m
[0m[[0m[31merror[0m] [0m[0m	at scala.Function1.$anonfun$compose$1(Function1.scala:49)[0m
[0m[[0m[31merror[0m] [0m[0m	at sbt.internal.util.$tilde$greater.$anonfun$$u2219$1(TypeFunctions.scala:62)[0m
[0m[[0m[31merror[0m] [0m[0m	at sbt.std.Transform$$anon$4.work(Transform.scala:68)[0m
[0m[[0m[31merror[0m] [0m[0m	at sbt.Execute.$anonfun$submit$2(Execute.scala:282)[0m
[0m[[0m[31merror[0m] [0m[0m	at sbt.internal.util.ErrorHandling$.wideConvert(ErrorHandling.scala:23)[0m
[0m[[0m[31merror[0m] [0m[0m	at sbt.Execute.work(Execute.scala:291)[0m
[0m[[0m[31merror[0m] [0m[0m	at sbt.Execute.$anonfun$submit$1(Execute.scala:282)[0m
[0m[[0m[31merror[0m] [0m[0m	at sbt.ConcurrentRestrictions$$anon$4.$anonfun$submitValid$1(ConcurrentRestrictions.scala:265)[0m
[0m[[0m[31merror[0m] [0m[0m	at sbt.CompletionService$$anon$2.call(CompletionService.scala:64)[0m
[0m[[0m[31merror[0m] [0m[0m	at java.util.concurrent.FutureTask.run(FutureTask.java:266)[0m
[0m[[0m[31merror[0m] [0m[0m	at java.util.concurrent.Executors$RunnableAdapter.call(Executors.java:511)[0m
[0m[[0m[31merror[0m] [0m[0m	at java.util.concurrent.FutureTask.run(FutureTask.java:266)[0m
[0m[[0m[31merror[0m] [0m[0m	at java.util.concurrent.ThreadPoolExecutor.runWorker(ThreadPoolExecutor.java:1149)[0m
[0m[[0m[31merror[0m] [0m[0m	at java.util.concurrent.ThreadPoolExecutor$Worker.run(ThreadPoolExecutor.java:624)[0m
[0m[[0m[31merror[0m] [0m[0m	at java.lang.Thread.run(Thread.java:748)[0m
[0m[[0m[31merror[0m] [0m[0m([31mupdate[0m) sbt.librarymanagement.ResolveException: Error downloading org.scala-sbt:sbt:1.4.7[0m
[0m[[0m[31merror[0m] [0m[0m  Not found[0m
[0m[[0m[31merror[0m] [0m[0m  Not found[0m
[0m[[0m[31merror[0m] [0m[0m  download error: Caught java.net.UnknownHostException: repo1.maven.org (repo1.maven.org) while downloading https://repo1.maven.org/maven2/org/scala-sbt/sbt/1.4.7/sbt-1.4.7.pom[0m
[0m[[0m[31merror[0m] [0m[0m  not found: /home/vitaliy/.ivy2/localorg.scala-sbt/sbt/1.4.7/ivys/ivy.xml[0m
[0m[[0m[31merror[0m] [0m[0m  download error: Caught java.net.UnknownHostException: repo.scala-sbt.org (repo.scala-sbt.org) while downloading https://repo.scala-sbt.org/scalasbt/sbt-plugin-releases/org.scala-sbt/sbt/1.4.7/ivys/ivy.xml[0m
[0m[[0m[31merror[0m] [0m[0m  download error: Caught java.net.UnknownHostException: repo.typesafe.com (repo.typesafe.com) while downloading https://repo.typesafe.com/typesafe/ivy-releases/org.scala-sbt/sbt/1.4.7/ivys/ivy.xml[0m
[0m[[0m[0mdebug[0m] [0m[0m> Exec(loadFailed, None, None)[0m
[0m[[0m[33mwarn[0m] [0m[0mProject loading failed: (r)etry, (q)uit, (l)ast, or (i)gnore? (default: r)[0m
